{"C:\\Users\\User\\Testing-ToDo-List\\src\\modules\\render.js": {"path":"C:\\Users\\User\\Testing-ToDo-List\\src\\modules\\render.js","statementMap":{"0":{"start":{"line":3,"column":4},"end":{"line":3,"column":79}},"1":{"start":{"line":4,"column":4},"end":{"line":6,"column":5}},"2":{"start":{"line":5,"column":6},"end":{"line":5,"column":27}},"3":{"start":{"line":7,"column":4},"end":{"line":7,"column":23}},"4":{"start":{"line":8,"column":4},"end":{"line":8,"column":20}},"5":{"start":{"line":11,"column":13},"end":{"line":20,"column":3}},"6":{"start":{"line":12,"column":17},"end":{"line":12,"column":54}},"7":{"start":{"line":13,"column":18},"end":{"line":13,"column":53}},"8":{"start":{"line":15,"column":4},"end":{"line":19,"column":7}},"9":{"start":{"line":16,"column":6},"end":{"line":16,"column":29}},"10":{"start":{"line":17,"column":6},"end":{"line":17,"column":32}},"11":{"start":{"line":18,"column":6},"end":{"line":18,"column":23}},"12":{"start":{"line":22,"column":12},"end":{"line":31,"column":3}},"13":{"start":{"line":23,"column":20},"end":{"line":27,"column":5}},"14":{"start":{"line":28,"column":4},"end":{"line":28,"column":34}},"15":{"start":{"line":29,"column":4},"end":{"line":29,"column":30}},"16":{"start":{"line":30,"column":4},"end":{"line":30,"column":23}},"17":{"start":{"line":33,"column":15},"end":{"line":38,"column":3}},"18":{"start":{"line":34,"column":4},"end":{"line":34,"column":81}},"19":{"start":{"line":34,"column":63},"end":{"line":34,"column":79}},"20":{"start":{"line":35,"column":4},"end":{"line":35,"column":23}},"21":{"start":{"line":36,"column":4},"end":{"line":36,"column":30}},"22":{"start":{"line":37,"column":4},"end":{"line":37,"column":23}},"23":{"start":{"line":40,"column":13},"end":{"line":44,"column":3}},"24":{"start":{"line":41,"column":4},"end":{"line":41,"column":56}},"25":{"start":{"line":42,"column":4},"end":{"line":42,"column":30}},"26":{"start":{"line":43,"column":4},"end":{"line":43,"column":23}},"27":{"start":{"line":46,"column":16},"end":{"line":120,"column":3}},"28":{"start":{"line":47,"column":21},"end":{"line":47,"column":58}},"29":{"start":{"line":48,"column":4},"end":{"line":48,"column":28}},"30":{"start":{"line":49,"column":4},"end":{"line":59,"column":7}},"31":{"start":{"line":50,"column":26},"end":{"line":57,"column":7}},"32":{"start":{"line":58,"column":6},"end":{"line":58,"column":40}},"33":{"start":{"line":61,"column":22},"end":{"line":61,"column":61}},"34":{"start":{"line":63,"column":4},"end":{"line":92,"column":7}},"35":{"start":{"line":64,"column":6},"end":{"line":91,"column":9}},"36":{"start":{"line":66,"column":22},"end":{"line":66,"column":57}},"37":{"start":{"line":67,"column":32},"end":{"line":67,"column":98}},"38":{"start":{"line":68,"column":27},"end":{"line":68,"column":88}},"39":{"start":{"line":71,"column":35},"end":{"line":71,"column":60}},"40":{"start":{"line":72,"column":8},"end":{"line":72,"column":39}},"41":{"start":{"line":73,"column":27},"end":{"line":73,"column":58}},"42":{"start":{"line":74,"column":8},"end":{"line":74,"column":45}},"43":{"start":{"line":75,"column":8},"end":{"line":75,"column":46}},"44":{"start":{"line":78,"column":8},"end":{"line":78,"column":48}},"45":{"start":{"line":79,"column":8},"end":{"line":79,"column":27}},"46":{"start":{"line":80,"column":8},"end":{"line":80,"column":41}},"47":{"start":{"line":81,"column":8},"end":{"line":81,"column":46}},"48":{"start":{"line":84,"column":8},"end":{"line":90,"column":11}},"49":{"start":{"line":85,"column":10},"end":{"line":89,"column":11}},"50":{"start":{"line":86,"column":35},"end":{"line":86,"column":51}},"51":{"start":{"line":87,"column":12},"end":{"line":87,"column":55}},"52":{"start":{"line":88,"column":12},"end":{"line":88,"column":49}},"53":{"start":{"line":94,"column":21},"end":{"line":94,"column":63}},"54":{"start":{"line":95,"column":4},"end":{"line":103,"column":7}},"55":{"start":{"line":96,"column":6},"end":{"line":102,"column":9}},"56":{"start":{"line":97,"column":22},"end":{"line":97,"column":55}},"57":{"start":{"line":98,"column":21},"end":{"line":98,"column":43}},"58":{"start":{"line":99,"column":8},"end":{"line":99,"column":39}},"59":{"start":{"line":100,"column":8},"end":{"line":100,"column":80}},"60":{"start":{"line":101,"column":8},"end":{"line":101,"column":27}},"61":{"start":{"line":105,"column":21},"end":{"line":105,"column":63}},"62":{"start":{"line":106,"column":4},"end":{"line":111,"column":7}},"63":{"start":{"line":107,"column":6},"end":{"line":107,"column":74}},"64":{"start":{"line":107,"column":57},"end":{"line":107,"column":72}},"65":{"start":{"line":108,"column":6},"end":{"line":108,"column":32}},"66":{"start":{"line":109,"column":6},"end":{"line":109,"column":25}},"67":{"start":{"line":110,"column":6},"end":{"line":110,"column":25}},"68":{"start":{"line":113,"column":24},"end":{"line":113,"column":65}},"69":{"start":{"line":114,"column":4},"end":{"line":119,"column":7}},"70":{"start":{"line":115,"column":6},"end":{"line":118,"column":9}},"71":{"start":{"line":116,"column":22},"end":{"line":116,"column":60}},"72":{"start":{"line":117,"column":8},"end":{"line":117,"column":31}},"73":{"start":{"line":122,"column":24},"end":{"line":124,"column":4}},"74":{"start":{"line":123,"column":5},"end":{"line":123,"column":77}},"75":{"start":{"line":127,"column":5},"end":{"line":129,"column":8}},"76":{"start":{"line":128,"column":7},"end":{"line":128,"column":33}},"77":{"start":{"line":130,"column":5},"end":{"line":130,"column":39}}},"fnMap":{"0":{"name":"(anonymous_0)","decl":{"start":{"line":2,"column":2},"end":{"line":2,"column":3}},"loc":{"start":{"line":2,"column":16},"end":{"line":9,"column":3}},"line":2},"1":{"name":"(anonymous_1)","decl":{"start":{"line":11,"column":13},"end":{"line":11,"column":14}},"loc":{"start":{"line":11,"column":19},"end":{"line":20,"column":3}},"line":11},"2":{"name":"(anonymous_2)","decl":{"start":{"line":15,"column":36},"end":{"line":15,"column":37}},"loc":{"start":{"line":15,"column":47},"end":{"line":19,"column":5}},"line":15},"3":{"name":"(anonymous_3)","decl":{"start":{"line":22,"column":12},"end":{"line":22,"column":13}},"loc":{"start":{"line":22,"column":29},"end":{"line":31,"column":3}},"line":22},"4":{"name":"(anonymous_4)","decl":{"start":{"line":33,"column":15},"end":{"line":33,"column":16}},"loc":{"start":{"line":33,"column":26},"end":{"line":38,"column":3}},"line":33},"5":{"name":"(anonymous_5)","decl":{"start":{"line":34,"column":45},"end":{"line":34,"column":46}},"loc":{"start":{"line":34,"column":63},"end":{"line":34,"column":79}},"line":34},"6":{"name":"(anonymous_6)","decl":{"start":{"line":40,"column":13},"end":{"line":40,"column":14}},"loc":{"start":{"line":40,"column":40},"end":{"line":44,"column":3}},"line":40},"7":{"name":"(anonymous_7)","decl":{"start":{"line":46,"column":16},"end":{"line":46,"column":17}},"loc":{"start":{"line":46,"column":22},"end":{"line":120,"column":3}},"line":46},"8":{"name":"(anonymous_8)","decl":{"start":{"line":49,"column":28},"end":{"line":49,"column":29}},"loc":{"start":{"line":49,"column":45},"end":{"line":59,"column":5}},"line":49},"9":{"name":"(anonymous_9)","decl":{"start":{"line":63,"column":22},"end":{"line":63,"column":23}},"loc":{"start":{"line":63,"column":36},"end":{"line":92,"column":5}},"line":63},"10":{"name":"(anonymous_10)","decl":{"start":{"line":64,"column":41},"end":{"line":64,"column":42}},"loc":{"start":{"line":64,"column":47},"end":{"line":91,"column":7}},"line":64},"11":{"name":"(anonymous_11)","decl":{"start":{"line":84,"column":47},"end":{"line":84,"column":48}},"loc":{"start":{"line":84,"column":58},"end":{"line":90,"column":9}},"line":84},"12":{"name":"(anonymous_12)","decl":{"start":{"line":95,"column":21},"end":{"line":95,"column":22}},"loc":{"start":{"line":95,"column":32},"end":{"line":103,"column":5}},"line":95},"13":{"name":"(anonymous_13)","decl":{"start":{"line":96,"column":39},"end":{"line":96,"column":40}},"loc":{"start":{"line":96,"column":45},"end":{"line":102,"column":7}},"line":96},"14":{"name":"(anonymous_14)","decl":{"start":{"line":106,"column":39},"end":{"line":106,"column":40}},"loc":{"start":{"line":106,"column":45},"end":{"line":111,"column":5}},"line":106},"15":{"name":"(anonymous_15)","decl":{"start":{"line":107,"column":47},"end":{"line":107,"column":48}},"loc":{"start":{"line":107,"column":57},"end":{"line":107,"column":72}},"line":107},"16":{"name":"(anonymous_16)","decl":{"start":{"line":114,"column":24},"end":{"line":114,"column":25}},"loc":{"start":{"line":114,"column":40},"end":{"line":119,"column":5}},"line":114},"17":{"name":"(anonymous_17)","decl":{"start":{"line":115,"column":43},"end":{"line":115,"column":44}},"loc":{"start":{"line":115,"column":49},"end":{"line":118,"column":7}},"line":115},"18":{"name":"(anonymous_18)","decl":{"start":{"line":122,"column":24},"end":{"line":122,"column":25}},"loc":{"start":{"line":122,"column":30},"end":{"line":124,"column":4}},"line":122},"19":{"name":"(anonymous_19)","decl":{"start":{"line":126,"column":3},"end":{"line":126,"column":4}},"loc":{"start":{"line":126,"column":17},"end":{"line":131,"column":4}},"line":126},"20":{"name":"(anonymous_20)","decl":{"start":{"line":127,"column":29},"end":{"line":127,"column":30}},"loc":{"start":{"line":127,"column":49},"end":{"line":129,"column":6}},"line":127}},"branchMap":{"0":{"loc":{"start":{"line":3,"column":22},"end":{"line":3,"column":78}},"type":"binary-expr","locations":[{"start":{"line":3,"column":22},"end":{"line":3,"column":72}},{"start":{"line":3,"column":76},"end":{"line":3,"column":78}}],"line":3},"1":{"loc":{"start":{"line":4,"column":4},"end":{"line":6,"column":5}},"type":"if","locations":[{"start":{"line":4,"column":4},"end":{"line":6,"column":5}},{"start":{},"end":{}}],"line":4},"2":{"loc":{"start":{"line":4,"column":8},"end":{"line":4,"column":71}},"type":"binary-expr","locations":[{"start":{"line":4,"column":8},"end":{"line":4,"column":39}},{"start":{"line":4,"column":43},"end":{"line":4,"column":71}}],"line":4},"3":{"loc":{"start":{"line":52,"column":79},"end":{"line":52,"column":110}},"type":"cond-expr","locations":[{"start":{"line":52,"column":96},"end":{"line":52,"column":105}},{"start":{"line":52,"column":108},"end":{"line":52,"column":110}}],"line":52},"4":{"loc":{"start":{"line":85,"column":10},"end":{"line":89,"column":11}},"type":"if","locations":[{"start":{"line":85,"column":10},"end":{"line":89,"column":11}},{"start":{},"end":{}}],"line":85}},"s":{"0":2,"1":2,"2":0,"3":2,"4":2,"5":2,"6":2,"7":2,"8":2,"9":0,"10":0,"11":0,"12":2,"13":1,"14":1,"15":1,"16":1,"17":2,"18":2,"19":1,"20":2,"21":2,"22":2,"23":2,"24":0,"25":0,"26":0,"27":2,"28":5,"29":5,"30":5,"31":4,"32":4,"33":5,"34":5,"35":4,"36":0,"37":0,"38":0,"39":0,"40":0,"41":0,"42":0,"43":0,"44":0,"45":0,"46":0,"47":0,"48":0,"49":0,"50":0,"51":0,"52":0,"53":5,"54":5,"55":4,"56":0,"57":0,"58":0,"59":0,"60":0,"61":5,"62":5,"63":0,"64":0,"65":0,"66":0,"67":0,"68":5,"69":5,"70":4,"71":0,"72":0,"73":2,"74":3,"75":3,"76":1,"77":3},"f":{"0":2,"1":2,"2":0,"3":1,"4":2,"5":1,"6":0,"7":5,"8":4,"9":4,"10":0,"11":0,"12":4,"13":0,"14":0,"15":0,"16":4,"17":0,"18":3,"19":3,"20":1},"b":{"0":[2,0],"1":[0,2],"2":[2,2],"3":[0,4],"4":[0,0]},"_coverageSchema":"1a1c01bbd47fc00a2c39e90264f33305004495a9","hash":"71395eb8598932818d98c70a573f85bfd84062f0"}
}
