TN:
SF:src\modules\render.js
FN:2,(anonymous_0)
FN:11,(anonymous_1)
FN:15,(anonymous_2)
FN:22,(anonymous_3)
FN:33,(anonymous_4)
FN:34,(anonymous_5)
FN:40,(anonymous_6)
FN:46,(anonymous_7)
FN:49,(anonymous_8)
FN:63,(anonymous_9)
FN:64,(anonymous_10)
FN:84,(anonymous_11)
FN:95,(anonymous_12)
FN:96,(anonymous_13)
FN:106,(anonymous_14)
FN:107,(anonymous_15)
FN:114,(anonymous_16)
FN:115,(anonymous_17)
FN:122,(anonymous_18)
FN:126,(anonymous_19)
FN:127,(anonymous_20)
FNF:21
FNH:13
FNDA:2,(anonymous_0)
FNDA:2,(anonymous_1)
FNDA:0,(anonymous_2)
FNDA:1,(anonymous_3)
FNDA:2,(anonymous_4)
FNDA:1,(anonymous_5)
FNDA:0,(anonymous_6)
FNDA:5,(anonymous_7)
FNDA:4,(anonymous_8)
FNDA:4,(anonymous_9)
FNDA:0,(anonymous_10)
FNDA:0,(anonymous_11)
FNDA:4,(anonymous_12)
FNDA:0,(anonymous_13)
FNDA:0,(anonymous_14)
FNDA:0,(anonymous_15)
FNDA:4,(anonymous_16)
FNDA:0,(anonymous_17)
FNDA:3,(anonymous_18)
FNDA:3,(anonymous_19)
FNDA:1,(anonymous_20)
DA:3,2
DA:4,2
DA:5,0
DA:7,2
DA:8,2
DA:11,2
DA:12,2
DA:13,2
DA:15,2
DA:16,0
DA:17,0
DA:18,0
DA:22,2
DA:23,1
DA:28,1
DA:29,1
DA:30,1
DA:33,2
DA:34,2
DA:35,2
DA:36,2
DA:37,2
DA:40,2
DA:41,0
DA:42,0
DA:43,0
DA:46,2
DA:47,5
DA:48,5
DA:49,5
DA:50,4
DA:58,4
DA:61,5
DA:63,5
DA:64,4
DA:66,0
DA:67,0
DA:68,0
DA:71,0
DA:72,0
DA:73,0
DA:74,0
DA:75,0
DA:78,0
DA:79,0
DA:80,0
DA:81,0
DA:84,0
DA:85,0
DA:86,0
DA:87,0
DA:88,0
DA:94,5
DA:95,5
DA:96,4
DA:97,0
DA:98,0
DA:99,0
DA:100,0
DA:101,0
DA:105,5
DA:106,5
DA:107,0
DA:108,0
DA:109,0
DA:110,0
DA:113,5
DA:114,5
DA:115,4
DA:116,0
DA:117,0
DA:122,2
DA:123,3
DA:127,3
DA:128,1
DA:130,3
LF:76
LH:41
BRDA:3,0,0,2
BRDA:3,0,1,0
BRDA:4,1,0,0
BRDA:4,1,1,2
BRDA:4,2,0,2
BRDA:4,2,1,2
BRDA:52,3,0,0
BRDA:52,3,1,4
BRDA:85,4,0,0
BRDA:85,4,1,0
BRF:10
BRH:5
end_of_record
