TN:
SF:src\modules\render.js
FN:2,(anonymous_0)
FN:11,(anonymous_1)
FN:15,(anonymous_2)
FN:22,(anonymous_3)
FN:33,(anonymous_4)
FN:34,(anonymous_5)
FN:40,(anonymous_6)
FN:46,(anonymous_7)
FN:49,(anonymous_8)
FN:63,(anonymous_9)
FN:64,(anonymous_10)
FN:84,(anonymous_11)
FN:95,(anonymous_12)
FN:96,(anonymous_13)
FN:106,(anonymous_14)
FN:107,(anonymous_15)
FN:114,(anonymous_16)
FN:115,(anonymous_17)
FN:122,(anonymous_18)
FN:126,(anonymous_19)
FN:127,(anonymous_20)
FN:133,(anonymous_21)
FN:134,(anonymous_22)
FNF:23
FNH:16
FNDA:5,(anonymous_0)
FNDA:5,(anonymous_1)
FNDA:0,(anonymous_2)
FNDA:7,(anonymous_3)
FNDA:2,(anonymous_4)
FNDA:1,(anonymous_5)
FNDA:1,(anonymous_6)
FNDA:16,(anonymous_7)
FNDA:27,(anonymous_8)
FNDA:27,(anonymous_9)
FNDA:0,(anonymous_10)
FNDA:0,(anonymous_11)
FNDA:27,(anonymous_12)
FNDA:0,(anonymous_13)
FNDA:0,(anonymous_14)
FNDA:0,(anonymous_15)
FNDA:27,(anonymous_16)
FNDA:0,(anonymous_17)
FNDA:11,(anonymous_18)
FNDA:1,(anonymous_19)
FNDA:3,(anonymous_20)
FNDA:10,(anonymous_21)
FNDA:12,(anonymous_22)
DA:3,5
DA:4,5
DA:5,0
DA:7,5
DA:8,5
DA:11,5
DA:12,5
DA:13,5
DA:15,5
DA:16,0
DA:17,0
DA:18,0
DA:22,5
DA:23,7
DA:28,7
DA:29,7
DA:30,7
DA:33,5
DA:34,2
DA:35,2
DA:36,2
DA:37,2
DA:40,5
DA:41,1
DA:42,1
DA:43,1
DA:46,5
DA:47,16
DA:48,16
DA:49,16
DA:50,27
DA:58,27
DA:61,16
DA:63,16
DA:64,27
DA:66,0
DA:67,0
DA:68,0
DA:71,0
DA:72,0
DA:73,0
DA:74,0
DA:75,0
DA:78,0
DA:79,0
DA:80,0
DA:81,0
DA:84,0
DA:85,0
DA:86,0
DA:87,0
DA:88,0
DA:94,16
DA:95,16
DA:96,27
DA:97,0
DA:98,0
DA:99,0
DA:100,0
DA:101,0
DA:105,16
DA:106,16
DA:107,0
DA:108,0
DA:109,0
DA:110,0
DA:113,16
DA:114,16
DA:115,27
DA:116,0
DA:117,0
DA:122,5
DA:123,11
DA:126,5
DA:127,3
DA:128,1
DA:129,1
DA:130,1
DA:134,10
DA:135,12
DA:137,10
LF:81
LH:49
BRDA:3,0,0,5
BRDA:3,0,1,0
BRDA:4,1,0,0
BRDA:4,1,1,5
BRDA:4,2,0,5
BRDA:4,2,1,5
BRDA:52,3,0,0
BRDA:52,3,1,27
BRDA:85,4,0,0
BRDA:85,4,1,0
BRF:10
BRH:5
end_of_record
